{
  "stats": {
    "suites": 1,
    "tests": 1,
    "passes": 0,
    "pending": 0,
    "failures": 1,
    "start": "2025-10-29T08:12:05.197Z",
    "end": "2025-10-29T08:12:10.823Z",
    "duration": 5626,
    "testsRegistered": 1,
    "passPercent": 0,
    "pendingPercent": 0,
    "other": 0,
    "hasOther": false,
    "skipped": 0,
    "hasSkipped": false
  },
  "results": [
    {
      "uuid": "2c43c226-26dd-4322-b958-190a8107168c",
      "title": "",
      "fullFile": "cypress\\e2e\\Test_44.cy.js",
      "file": "cypress\\e2e\\Test_44.cy.js",
      "beforeHooks": [],
      "afterHooks": [],
      "tests": [],
      "suites": [
        {
          "uuid": "3dd0ffde-23da-4286-b759-13b254b20264",
          "title": "Quadratic Equation Test",
          "fullFile": "",
          "file": "",
          "beforeHooks": [],
          "afterHooks": [],
          "tests": [
            {
              "title": "Case 44: a=\"0x10\", b=-17, c=1 <=> \"0x10\"x² - 17x + 1 = 0",
              "fullTitle": "Quadratic Equation Test Case 44: a=\"0x10\", b=-17, c=1 <=> \"0x10\"x² - 17x + 1 = 0",
              "timedOut": null,
              "duration": 5540,
              "state": "failed",
              "speed": null,
              "pass": false,
              "fail": true,
              "pending": false,
              "context": null,
              "code": "cy.visit(baseUrl);\ncy.get('#term-a').clear().type('0x10');\ncy.get('#term-b').clear().type('-17');\ncy.get('#term-c').clear().type('1');\ncy.get('#root-1').should('have.value', 'ERROR');\ncy.get('#root-2').should('have.value', 'ERROR');\ncy.get('#delta').should('have.value', 'ERROR');",
              "err": {
                "message": "AssertionError: Timed out retrying after 4000ms: expected '<input#root-1>' to have value 'ERROR', but the value was '0.06'",
                "estack": "AssertionError: Timed out retrying after 4000ms: expected '<input#root-1>' to have value 'ERROR', but the value was '0.06'\n    at Context.eval (webpack:///./cypress/e2e/Test_44.cy.js:8:22)",
                "diff": "- '0.06'\n+ 'ERROR'\n"
              },
              "uuid": "2a55b67f-c87e-4e65-937b-825c379ce0c4",
              "parentUUID": "3dd0ffde-23da-4286-b759-13b254b20264",
              "isHook": false,
              "skipped": false
            }
          ],
          "suites": [],
          "passes": [],
          "failures": [
            "2a55b67f-c87e-4e65-937b-825c379ce0c4"
          ],
          "pending": [],
          "skipped": [],
          "duration": 5540,
          "root": false,
          "rootEmpty": false,
          "_timeout": 2000
        }
      ],
      "passes": [],
      "failures": [],
      "pending": [],
      "skipped": [],
      "duration": 0,
      "root": true,
      "rootEmpty": true,
      "_timeout": 2000
    }
  ],
  "meta": {
    "mocha": {
      "version": "7.2.0"
    },
    "mochawesome": {
      "options": {
        "quiet": false,
        "reportFilename": "mochawesome",
        "saveHtml": true,
        "saveJson": true,
        "consoleReporter": "spec",
        "useInlineDiffs": false,
        "code": true
      },
      "version": "7.1.4"
    },
    "marge": {
      "options": {
        "reportDir": "cypress/reports",
        "overwrite": false,
        "html": true,
        "json": true
      },
      "version": "6.3.0"
    }
  }
}