{
  "stats": {
    "suites": 1,
    "tests": 1,
    "passes": 0,
    "pending": 0,
    "failures": 1,
    "start": "2025-10-29T08:09:07.259Z",
    "end": "2025-10-29T08:09:12.617Z",
    "duration": 5358,
    "testsRegistered": 1,
    "passPercent": 0,
    "pendingPercent": 0,
    "other": 0,
    "hasOther": false,
    "skipped": 0,
    "hasSkipped": false
  },
  "results": [
    {
      "uuid": "14c394b7-ba49-46e5-b4e2-c0e21b21d705",
      "title": "",
      "fullFile": "cypress\\e2e\\Test_16.cy.js",
      "file": "cypress\\e2e\\Test_16.cy.js",
      "beforeHooks": [],
      "afterHooks": [],
      "tests": [],
      "suites": [
        {
          "uuid": "46a8b144-36bb-4cf5-875b-97ce1084a976",
          "title": "Quadratic Equation Test",
          "fullFile": "",
          "file": "",
          "beforeHooks": [],
          "afterHooks": [],
          "tests": [
            {
              "title": "Case 16: a=50, b=50, c=-10000 <=> 50x² + 50x - 10000 = 0",
              "fullTitle": "Quadratic Equation Test Case 16: a=50, b=50, c=-10000 <=> 50x² + 50x - 10000 = 0",
              "timedOut": null,
              "duration": 5314,
              "state": "failed",
              "speed": null,
              "pass": false,
              "fail": true,
              "pending": false,
              "context": null,
              "code": "cy.visit(baseUrl);\ncy.get('#term-a').clear().type('50');\ncy.get('#term-b').clear().type('50');\ncy.get('#term-c').clear().type('-10000');\ncy.get('#root-1').should('have.value', '13.65');\ncy.get('#root-2').should('have.value', '-14.65');\ncy.get('#delta').should('have.value', '2002500.00');",
              "err": {
                "message": "AssertionError: Timed out retrying after 4000ms: expected '<input#root-1>' to have value '13.65', but the value was '-14.65'",
                "estack": "AssertionError: Timed out retrying after 4000ms: expected '<input#root-1>' to have value '13.65', but the value was '-14.65'\n    at Context.eval (webpack:///./cypress/e2e/Test_16.cy.js:8:22)",
                "diff": "- '-14.65'\n+ '13.65'\n"
              },
              "uuid": "b11fa2a6-29b7-41f4-b2e7-ad29c9ed9bba",
              "parentUUID": "46a8b144-36bb-4cf5-875b-97ce1084a976",
              "isHook": false,
              "skipped": false
            }
          ],
          "suites": [],
          "passes": [],
          "failures": [
            "b11fa2a6-29b7-41f4-b2e7-ad29c9ed9bba"
          ],
          "pending": [],
          "skipped": [],
          "duration": 5314,
          "root": false,
          "rootEmpty": false,
          "_timeout": 2000
        }
      ],
      "passes": [],
      "failures": [],
      "pending": [],
      "skipped": [],
      "duration": 0,
      "root": true,
      "rootEmpty": true,
      "_timeout": 2000
    }
  ],
  "meta": {
    "mocha": {
      "version": "7.2.0"
    },
    "mochawesome": {
      "options": {
        "quiet": false,
        "reportFilename": "mochawesome",
        "saveHtml": true,
        "saveJson": true,
        "consoleReporter": "spec",
        "useInlineDiffs": false,
        "code": true
      },
      "version": "7.1.4"
    },
    "marge": {
      "options": {
        "reportDir": "cypress/reports",
        "overwrite": false,
        "html": true,
        "json": true
      },
      "version": "6.3.0"
    }
  }
}