{
  "stats": {
    "suites": 1,
    "tests": 1,
    "passes": 0,
    "pending": 0,
    "failures": 1,
    "start": "2025-10-29T08:09:14.159Z",
    "end": "2025-10-29T08:09:20.152Z",
    "duration": 5993,
    "testsRegistered": 1,
    "passPercent": 0,
    "pendingPercent": 0,
    "other": 0,
    "hasOther": false,
    "skipped": 0,
    "hasSkipped": false
  },
  "results": [
    {
      "uuid": "ccb147c3-6fee-4545-b05b-22cf579d55d8",
      "title": "",
      "fullFile": "cypress\\e2e\\Test_17.cy.js",
      "file": "cypress\\e2e\\Test_17.cy.js",
      "beforeHooks": [],
      "afterHooks": [],
      "tests": [],
      "suites": [
        {
          "uuid": "354f79ad-50be-49a4-8cd5-55ddbf906776",
          "title": "Quadratic Equation Test",
          "fullFile": "",
          "file": "",
          "beforeHooks": [],
          "afterHooks": [],
          "tests": [
            {
              "title": "Case 17: a=50, b=50, c=-9999 <=> 50x² + 50x - 9999 = 0",
              "fullTitle": "Quadratic Equation Test Case 17: a=50, b=50, c=-9999 <=> 50x² + 50x - 9999 = 0",
              "timedOut": null,
              "duration": 5946,
              "state": "failed",
              "speed": null,
              "pass": false,
              "fail": true,
              "pending": false,
              "context": null,
              "code": "cy.visit(baseUrl);\ncy.get('#term-a').clear().type('50');\ncy.get('#term-b').clear().type('50');\ncy.get('#term-c').clear().type('-9999');\ncy.get('#root-1').should('have.value', '13.65');\ncy.get('#root-2').should('have.value', '-14.65');\ncy.get('#delta').should('have.value', '2002300.00');",
              "err": {
                "message": "AssertionError: Timed out retrying after 4000ms: expected '<input#root-1>' to have value '13.65', but the value was '-14.65'",
                "estack": "AssertionError: Timed out retrying after 4000ms: expected '<input#root-1>' to have value '13.65', but the value was '-14.65'\n    at Context.eval (webpack:///./cypress/e2e/Test_17.cy.js:8:22)",
                "diff": "- '-14.65'\n+ '13.65'\n"
              },
              "uuid": "3bd60d5d-efb9-46d4-850f-4272d0c3651d",
              "parentUUID": "354f79ad-50be-49a4-8cd5-55ddbf906776",
              "isHook": false,
              "skipped": false
            }
          ],
          "suites": [],
          "passes": [],
          "failures": [
            "3bd60d5d-efb9-46d4-850f-4272d0c3651d"
          ],
          "pending": [],
          "skipped": [],
          "duration": 5946,
          "root": false,
          "rootEmpty": false,
          "_timeout": 2000
        }
      ],
      "passes": [],
      "failures": [],
      "pending": [],
      "skipped": [],
      "duration": 0,
      "root": true,
      "rootEmpty": true,
      "_timeout": 2000
    }
  ],
  "meta": {
    "mocha": {
      "version": "7.2.0"
    },
    "mochawesome": {
      "options": {
        "quiet": false,
        "reportFilename": "mochawesome",
        "saveHtml": true,
        "saveJson": true,
        "consoleReporter": "spec",
        "useInlineDiffs": false,
        "code": true
      },
      "version": "7.1.4"
    },
    "marge": {
      "options": {
        "reportDir": "cypress/reports",
        "overwrite": false,
        "html": true,
        "json": true
      },
      "version": "6.3.0"
    }
  }
}