{
  "stats": {
    "suites": 1,
    "tests": 1,
    "passes": 1,
    "pending": 0,
    "failures": 0,
    "start": "2025-10-29T08:09:36.163Z",
    "end": "2025-10-29T08:09:38.159Z",
    "duration": 1996,
    "testsRegistered": 1,
    "passPercent": 100,
    "pendingPercent": 0,
    "other": 0,
    "hasOther": false,
    "skipped": 0,
    "hasSkipped": false
  },
  "results": [
    {
      "uuid": "36e9e50c-172b-4460-83a6-3a2e9fd4df14",
      "title": "",
      "fullFile": "cypress\\e2e\\Test_20.cy.js",
      "file": "cypress\\e2e\\Test_20.cy.js",
      "beforeHooks": [],
      "afterHooks": [],
      "tests": [],
      "suites": [
        {
          "uuid": "074c6b58-34b6-475c-8607-f88c1febed18",
          "title": "Quadratic Equation Test",
          "fullFile": "",
          "file": "",
          "beforeHooks": [],
          "afterHooks": [],
          "tests": [
            {
              "title": "Case 20: a=50, b=50, c=10000 <=> 50x² + 50x + 10000 = 0",
              "fullTitle": "Quadratic Equation Test Case 20: a=50, b=50, c=10000 <=> 50x² + 50x + 10000 = 0",
              "timedOut": null,
              "duration": 1944,
              "state": "passed",
              "speed": "fast",
              "pass": true,
              "fail": false,
              "pending": false,
              "context": null,
              "code": "cy.visit(baseUrl);\ncy.get('#term-a').clear().type('50');\ncy.get('#term-b').clear().type('50');\ncy.get('#term-c').clear().type('10000');\ncy.get('#root-1').should('have.value', '-0.50 - 14.13i');\ncy.get('#root-2').should('have.value', '-0.50 + 14.13i');\ncy.get('#delta').should('have.value', '-1997500.00');",
              "err": {},
              "uuid": "d0437f3b-8e20-4803-84c7-c141daf9e4b8",
              "parentUUID": "074c6b58-34b6-475c-8607-f88c1febed18",
              "isHook": false,
              "skipped": false
            }
          ],
          "suites": [],
          "passes": [
            "d0437f3b-8e20-4803-84c7-c141daf9e4b8"
          ],
          "failures": [],
          "pending": [],
          "skipped": [],
          "duration": 1944,
          "root": false,
          "rootEmpty": false,
          "_timeout": 2000
        }
      ],
      "passes": [],
      "failures": [],
      "pending": [],
      "skipped": [],
      "duration": 0,
      "root": true,
      "rootEmpty": true,
      "_timeout": 2000
    }
  ],
  "meta": {
    "mocha": {
      "version": "7.2.0"
    },
    "mochawesome": {
      "options": {
        "quiet": false,
        "reportFilename": "mochawesome",
        "saveHtml": true,
        "saveJson": true,
        "consoleReporter": "spec",
        "useInlineDiffs": false,
        "code": true
      },
      "version": "7.1.4"
    },
    "marge": {
      "options": {
        "reportDir": "cypress/reports",
        "overwrite": false,
        "html": true,
        "json": true
      },
      "version": "6.3.0"
    }
  }
}