{
  "stats": {
    "suites": 1,
    "tests": 1,
    "passes": 0,
    "pending": 0,
    "failures": 1,
    "start": "2025-10-29T08:12:14.318Z",
    "end": "2025-10-29T08:12:20.520Z",
    "duration": 6202,
    "testsRegistered": 1,
    "passPercent": 0,
    "pendingPercent": 0,
    "other": 0,
    "hasOther": false,
    "skipped": 0,
    "hasSkipped": false
  },
  "results": [
    {
      "uuid": "572ca69d-fd23-4fe5-a89c-1828bc22843b",
      "title": "",
      "fullFile": "cypress\\e2e\\Test_45.cy.js",
      "file": "cypress\\e2e\\Test_45.cy.js",
      "beforeHooks": [],
      "afterHooks": [],
      "tests": [],
      "suites": [
        {
          "uuid": "0a73ff87-fb6a-4caf-8a14-6b0a7bdd0827",
          "title": "Quadratic Equation Test",
          "fullFile": "",
          "file": "",
          "beforeHooks": [],
          "afterHooks": [],
          "tests": [
            {
              "title": "Case 45: a=\"\", b=\"\", c=\"\" <=> \"\"x² + \"\"x + \"\" = 0",
              "fullTitle": "Quadratic Equation Test Case 45: a=\"\", b=\"\", c=\"\" <=> \"\"x² + \"\"x + \"\" = 0",
              "timedOut": null,
              "duration": 6067,
              "state": "failed",
              "speed": null,
              "pass": false,
              "fail": true,
              "pending": false,
              "context": null,
              "code": "cy.visit(baseUrl);\ncy.get('#term-a').clear();\ncy.get('#term-b').clear();\ncy.get('#term-c').clear();\ncy.get('#root-1').should('have.value', 'ERROR');\ncy.get('#root-2').should('have.value', 'ERROR');\ncy.get('#delta').should('have.value', 'ERROR');",
              "err": {
                "message": "AssertionError: Timed out retrying after 4000ms: expected '<input#root-1>' to have value 'ERROR', but the value was '∞'",
                "estack": "AssertionError: Timed out retrying after 4000ms: expected '<input#root-1>' to have value 'ERROR', but the value was '∞'\n    at Context.eval (webpack:///./cypress/e2e/Test_45.cy.js:8:22)",
                "diff": "- '∞'\n+ 'ERROR'\n"
              },
              "uuid": "62e48979-372e-46a0-b971-4997367adf08",
              "parentUUID": "0a73ff87-fb6a-4caf-8a14-6b0a7bdd0827",
              "isHook": false,
              "skipped": false
            }
          ],
          "suites": [],
          "passes": [],
          "failures": [
            "62e48979-372e-46a0-b971-4997367adf08"
          ],
          "pending": [],
          "skipped": [],
          "duration": 6067,
          "root": false,
          "rootEmpty": false,
          "_timeout": 2000
        }
      ],
      "passes": [],
      "failures": [],
      "pending": [],
      "skipped": [],
      "duration": 0,
      "root": true,
      "rootEmpty": true,
      "_timeout": 2000
    }
  ],
  "meta": {
    "mocha": {
      "version": "7.2.0"
    },
    "mochawesome": {
      "options": {
        "quiet": false,
        "reportFilename": "mochawesome",
        "saveHtml": true,
        "saveJson": true,
        "consoleReporter": "spec",
        "useInlineDiffs": false,
        "code": true
      },
      "version": "7.1.4"
    },
    "marge": {
      "options": {
        "reportDir": "cypress/reports",
        "overwrite": false,
        "html": true,
        "json": true
      },
      "version": "6.3.0"
    }
  }
}