{
  "stats": {
    "suites": 1,
    "tests": 1,
    "passes": 1,
    "pending": 0,
    "failures": 0,
    "start": "2025-10-29T08:09:49.969Z",
    "end": "2025-10-29T08:09:51.269Z",
    "duration": 1300,
    "testsRegistered": 1,
    "passPercent": 100,
    "pendingPercent": 0,
    "other": 0,
    "hasOther": false,
    "skipped": 0,
    "hasSkipped": false
  },
  "results": [
    {
      "uuid": "ede4d4ee-f55b-4a77-95ae-160be4dff843",
      "title": "",
      "fullFile": "cypress\\e2e\\Test_23.cy.js",
      "file": "cypress\\e2e\\Test_23.cy.js",
      "beforeHooks": [],
      "afterHooks": [],
      "tests": [],
      "suites": [
        {
          "uuid": "3ea125d6-50c9-4a06-9db6-20ca5dba0ede",
          "title": "Quadratic Equation Test",
          "fullFile": "",
          "file": "",
          "beforeHooks": [],
          "afterHooks": [],
          "tests": [
            {
              "title": "Case 23: a=-1, b=-50, c=-1 <=> -1x² - 50x - 1 = 0",
              "fullTitle": "Quadratic Equation Test Case 23: a=-1, b=-50, c=-1 <=> -1x² - 50x - 1 = 0",
              "timedOut": null,
              "duration": 1249,
              "state": "passed",
              "speed": "fast",
              "pass": true,
              "fail": false,
              "pending": false,
              "context": null,
              "code": "cy.visit(baseUrl);\ncy.get('#term-a').clear().type('-1');\ncy.get('#term-b').clear().type('-50');\ncy.get('#term-c').clear().type('-1');\ncy.get('#root-1').should('have.value', '-0.02');\ncy.get('#root-2').should('have.value', '-49.98');\ncy.get('#delta').should('have.value', '2496.00');",
              "err": {},
              "uuid": "0049ea64-e488-4d66-b5a7-282968b20401",
              "parentUUID": "3ea125d6-50c9-4a06-9db6-20ca5dba0ede",
              "isHook": false,
              "skipped": false
            }
          ],
          "suites": [],
          "passes": [
            "0049ea64-e488-4d66-b5a7-282968b20401"
          ],
          "failures": [],
          "pending": [],
          "skipped": [],
          "duration": 1249,
          "root": false,
          "rootEmpty": false,
          "_timeout": 2000
        }
      ],
      "passes": [],
      "failures": [],
      "pending": [],
      "skipped": [],
      "duration": 0,
      "root": true,
      "rootEmpty": true,
      "_timeout": 2000
    }
  ],
  "meta": {
    "mocha": {
      "version": "7.2.0"
    },
    "mochawesome": {
      "options": {
        "quiet": false,
        "reportFilename": "mochawesome",
        "saveHtml": true,
        "saveJson": true,
        "consoleReporter": "spec",
        "useInlineDiffs": false,
        "code": true
      },
      "version": "7.1.4"
    },
    "marge": {
      "options": {
        "reportDir": "cypress/reports",
        "overwrite": false,
        "html": true,
        "json": true
      },
      "version": "6.3.0"
    }
  }
}