{
  "stats": {
    "suites": 1,
    "tests": 1,
    "passes": 0,
    "pending": 0,
    "failures": 1,
    "start": "2025-10-29T08:11:37.033Z",
    "end": "2025-10-29T08:11:43.269Z",
    "duration": 6236,
    "testsRegistered": 1,
    "passPercent": 0,
    "pendingPercent": 0,
    "other": 0,
    "hasOther": false,
    "skipped": 0,
    "hasSkipped": false
  },
  "results": [
    {
      "uuid": "7dd8df0c-40a0-422b-ad74-3ead69259ac9",
      "title": "",
      "fullFile": "cypress\\e2e\\Test_41.cy.js",
      "file": "cypress\\e2e\\Test_41.cy.js",
      "beforeHooks": [],
      "afterHooks": [],
      "tests": [],
      "suites": [
        {
          "uuid": "fc54bdd9-e594-4b2b-975e-0fd8c98fee33",
          "title": "Quadratic Equation Test",
          "fullFile": "",
          "file": "",
          "beforeHooks": [],
          "afterHooks": [],
          "tests": [
            {
              "title": "Case 41: a=\"1abc2\", b=-3, c=2 <=> \"1abc2\"x² - 3x + 2 = 0",
              "fullTitle": "Quadratic Equation Test Case 41: a=\"1abc2\", b=-3, c=2 <=> \"1abc2\"x² - 3x + 2 = 0",
              "timedOut": null,
              "duration": 6150,
              "state": "failed",
              "speed": null,
              "pass": false,
              "fail": true,
              "pending": false,
              "context": null,
              "code": "cy.visit(baseUrl);\ncy.get('#term-a').clear().type('1abc2');\ncy.get('#term-b').clear().type('-3');\ncy.get('#term-c').clear().type('2');\ncy.get('#root-1').should('have.value', 'ERROR');\ncy.get('#root-2').should('have.value', 'ERROR');\ncy.get('#delta').should('have.value', 'ERROR');",
              "err": {
                "message": "AssertionError: Timed out retrying after 4000ms: expected '<input#root-1>' to have value 'ERROR', but the value was '0.13 - 0.39i'",
                "estack": "AssertionError: Timed out retrying after 4000ms: expected '<input#root-1>' to have value 'ERROR', but the value was '0.13 - 0.39i'\n    at Context.eval (webpack:///./cypress/e2e/Test_41.cy.js:8:22)",
                "diff": "- '0.13 - 0.39i'\n+ 'ERROR'\n"
              },
              "uuid": "7c28edd8-6668-4285-96ad-15ee47e57104",
              "parentUUID": "fc54bdd9-e594-4b2b-975e-0fd8c98fee33",
              "isHook": false,
              "skipped": false
            }
          ],
          "suites": [],
          "passes": [],
          "failures": [
            "7c28edd8-6668-4285-96ad-15ee47e57104"
          ],
          "pending": [],
          "skipped": [],
          "duration": 6150,
          "root": false,
          "rootEmpty": false,
          "_timeout": 2000
        }
      ],
      "passes": [],
      "failures": [],
      "pending": [],
      "skipped": [],
      "duration": 0,
      "root": true,
      "rootEmpty": true,
      "_timeout": 2000
    }
  ],
  "meta": {
    "mocha": {
      "version": "7.2.0"
    },
    "mochawesome": {
      "options": {
        "quiet": false,
        "reportFilename": "mochawesome",
        "saveHtml": true,
        "saveJson": true,
        "consoleReporter": "spec",
        "useInlineDiffs": false,
        "code": true
      },
      "version": "7.1.4"
    },
    "marge": {
      "options": {
        "reportDir": "cypress/reports",
        "overwrite": false,
        "html": true,
        "json": true
      },
      "version": "6.3.0"
    }
  }
}