{
  "stats": {
    "suites": 1,
    "tests": 1,
    "passes": 1,
    "pending": 0,
    "failures": 0,
    "start": "2025-10-29T08:11:03.692Z",
    "end": "2025-10-29T08:11:05.082Z",
    "duration": 1390,
    "testsRegistered": 1,
    "passPercent": 100,
    "pendingPercent": 0,
    "other": 0,
    "hasOther": false,
    "skipped": 0,
    "hasSkipped": false
  },
  "results": [
    {
      "uuid": "14fc6e34-ab47-4ec2-9404-7f15365a110b",
      "title": "",
      "fullFile": "cypress\\e2e\\Test_38.cy.js",
      "file": "cypress\\e2e\\Test_38.cy.js",
      "beforeHooks": [],
      "afterHooks": [],
      "tests": [],
      "suites": [
        {
          "uuid": "69140636-f6b0-46e8-a694-44a7a62934be",
          "title": "Quadratic Equation Test",
          "fullFile": "",
          "file": "",
          "beforeHooks": [],
          "afterHooks": [],
          "tests": [
            {
              "title": "Case 38: a=0.1, b=0.2, c=0.1 <=> 0.1x² + 0.2x + 0.1 = 0",
              "fullTitle": "Quadratic Equation Test Case 38: a=0.1, b=0.2, c=0.1 <=> 0.1x² + 0.2x + 0.1 = 0",
              "timedOut": null,
              "duration": 1338,
              "state": "passed",
              "speed": "fast",
              "pass": true,
              "fail": false,
              "pending": false,
              "context": null,
              "code": "cy.visit(baseUrl);\ncy.get('#term-a').clear().type('0.1');\ncy.get('#term-b').clear().type('0.2');\ncy.get('#term-c').clear().type('0.1');\ncy.get('#root-1').should('have.value', '-1.00');\ncy.get('#root-2').should('have.value', '-1.00');\ncy.get('#delta').should('have.value', '0.00');",
              "err": {},
              "uuid": "fb5ab3e5-c092-4227-b5eb-94dbfdbe4460",
              "parentUUID": "69140636-f6b0-46e8-a694-44a7a62934be",
              "isHook": false,
              "skipped": false
            }
          ],
          "suites": [],
          "passes": [
            "fb5ab3e5-c092-4227-b5eb-94dbfdbe4460"
          ],
          "failures": [],
          "pending": [],
          "skipped": [],
          "duration": 1338,
          "root": false,
          "rootEmpty": false,
          "_timeout": 2000
        }
      ],
      "passes": [],
      "failures": [],
      "pending": [],
      "skipped": [],
      "duration": 0,
      "root": true,
      "rootEmpty": true,
      "_timeout": 2000
    }
  ],
  "meta": {
    "mocha": {
      "version": "7.2.0"
    },
    "mochawesome": {
      "options": {
        "quiet": false,
        "reportFilename": "mochawesome",
        "saveHtml": true,
        "saveJson": true,
        "consoleReporter": "spec",
        "useInlineDiffs": false,
        "code": true
      },
      "version": "7.1.4"
    },
    "marge": {
      "options": {
        "reportDir": "cypress/reports",
        "overwrite": false,
        "html": true,
        "json": true
      },
      "version": "6.3.0"
    }
  }
}