{
  "stats": {
    "suites": 1,
    "tests": 1,
    "passes": 1,
    "pending": 0,
    "failures": 0,
    "start": "2025-10-29T08:09:58.358Z",
    "end": "2025-10-29T08:09:59.674Z",
    "duration": 1316,
    "testsRegistered": 1,
    "passPercent": 100,
    "pendingPercent": 0,
    "other": 0,
    "hasOther": false,
    "skipped": 0,
    "hasSkipped": false
  },
  "results": [
    {
      "uuid": "e3857596-e6da-49d1-867d-4870a08bb385",
      "title": "",
      "fullFile": "cypress\\e2e\\Test_26.cy.js",
      "file": "cypress\\e2e\\Test_26.cy.js",
      "beforeHooks": [],
      "afterHooks": [],
      "tests": [],
      "suites": [
        {
          "uuid": "a6649a21-3c28-44d0-a353-090cccfd032c",
          "title": "Quadratic Equation Test",
          "fullFile": "",
          "file": "",
          "beforeHooks": [],
          "afterHooks": [],
          "tests": [
            {
              "title": "Case 26: a=1, b=2, c=1 <=> 1x² + 2x + 1 = 0",
              "fullTitle": "Quadratic Equation Test Case 26: a=1, b=2, c=1 <=> 1x² + 2x + 1 = 0",
              "timedOut": null,
              "duration": 1264,
              "state": "passed",
              "speed": "fast",
              "pass": true,
              "fail": false,
              "pending": false,
              "context": null,
              "code": "cy.visit(baseUrl);\ncy.get('#term-a').clear().type('1');\ncy.get('#term-b').clear().type('2');\ncy.get('#term-c').clear().type('1');\ncy.get('#root-1').should('have.value', '-1.00');\ncy.get('#root-2').should('have.value', '-1.00');\ncy.get('#delta').should('have.value', '0.00');",
              "err": {},
              "uuid": "eed85d7e-f7f2-4818-87ac-a9adb4f61ba1",
              "parentUUID": "a6649a21-3c28-44d0-a353-090cccfd032c",
              "isHook": false,
              "skipped": false
            }
          ],
          "suites": [],
          "passes": [
            "eed85d7e-f7f2-4818-87ac-a9adb4f61ba1"
          ],
          "failures": [],
          "pending": [],
          "skipped": [],
          "duration": 1264,
          "root": false,
          "rootEmpty": false,
          "_timeout": 2000
        }
      ],
      "passes": [],
      "failures": [],
      "pending": [],
      "skipped": [],
      "duration": 0,
      "root": true,
      "rootEmpty": true,
      "_timeout": 2000
    }
  ],
  "meta": {
    "mocha": {
      "version": "7.2.0"
    },
    "mochawesome": {
      "options": {
        "quiet": false,
        "reportFilename": "mochawesome",
        "saveHtml": true,
        "saveJson": true,
        "consoleReporter": "spec",
        "useInlineDiffs": false,
        "code": true
      },
      "version": "7.1.4"
    },
    "marge": {
      "options": {
        "reportDir": "cypress/reports",
        "overwrite": false,
        "html": true,
        "json": true
      },
      "version": "6.3.0"
    }
  }
}