{
  "stats": {
    "suites": 1,
    "tests": 1,
    "passes": 1,
    "pending": 0,
    "failures": 0,
    "start": "2025-10-29T08:08:58.952Z",
    "end": "2025-10-29T08:09:00.062Z",
    "duration": 1110,
    "testsRegistered": 1,
    "passPercent": 100,
    "pendingPercent": 0,
    "other": 0,
    "hasOther": false,
    "skipped": 0,
    "hasSkipped": false
  },
  "results": [
    {
      "uuid": "2e8d414c-da54-430f-a1b8-0345bc4c4be3",
      "title": "",
      "fullFile": "cypress\\e2e\\Test_13.cy.js",
      "file": "cypress\\e2e\\Test_13.cy.js",
      "beforeHooks": [],
      "afterHooks": [],
      "tests": [],
      "suites": [
        {
          "uuid": "e198f536-389a-4046-a288-86322e9f6061",
          "title": "Quadratic Equation Test",
          "fullFile": "",
          "file": "",
          "beforeHooks": [],
          "afterHooks": [],
          "tests": [
            {
              "title": "Case 13: a=50, b=10000, c=50 <=> 50x² + 10000x + 50 = 0",
              "fullTitle": "Quadratic Equation Test Case 13: a=50, b=10000, c=50 <=> 50x² + 10000x + 50 = 0",
              "timedOut": null,
              "duration": 1058,
              "state": "passed",
              "speed": "fast",
              "pass": true,
              "fail": false,
              "pending": false,
              "context": null,
              "code": "cy.visit(baseUrl);\ncy.get('#term-a').clear().type('50');\ncy.get('#term-b').clear().type('10000');\ncy.get('#term-c').clear().type('50');\ncy.get('#root-1').should('have.value', '-199.99');\ncy.get('#root-2').should('have.value', '-0.01');\ncy.get('#delta').should('have.value', '99990000.00');",
              "err": {},
              "uuid": "7d15e6db-1ebe-4ca6-825f-481bdd3e7e94",
              "parentUUID": "e198f536-389a-4046-a288-86322e9f6061",
              "isHook": false,
              "skipped": false
            }
          ],
          "suites": [],
          "passes": [
            "7d15e6db-1ebe-4ca6-825f-481bdd3e7e94"
          ],
          "failures": [],
          "pending": [],
          "skipped": [],
          "duration": 1058,
          "root": false,
          "rootEmpty": false,
          "_timeout": 2000
        }
      ],
      "passes": [],
      "failures": [],
      "pending": [],
      "skipped": [],
      "duration": 0,
      "root": true,
      "rootEmpty": true,
      "_timeout": 2000
    }
  ],
  "meta": {
    "mocha": {
      "version": "7.2.0"
    },
    "mochawesome": {
      "options": {
        "quiet": false,
        "reportFilename": "mochawesome",
        "saveHtml": true,
        "saveJson": true,
        "consoleReporter": "spec",
        "useInlineDiffs": false,
        "code": true
      },
      "version": "7.1.4"
    },
    "marge": {
      "options": {
        "reportDir": "cypress/reports",
        "overwrite": false,
        "html": true,
        "json": true
      },
      "version": "6.3.0"
    }
  }
}