{
  "stats": {
    "suites": 1,
    "tests": 1,
    "passes": 1,
    "pending": 0,
    "failures": 0,
    "start": "2025-10-29T08:12:39.934Z",
    "end": "2025-10-29T08:12:41.396Z",
    "duration": 1462,
    "testsRegistered": 1,
    "passPercent": 100,
    "pendingPercent": 0,
    "other": 0,
    "hasOther": false,
    "skipped": 0,
    "hasSkipped": false
  },
  "results": [
    {
      "uuid": "4a28c2a5-a8a1-4567-a480-5ded2d9cae09",
      "title": "",
      "fullFile": "cypress\\e2e\\Test_8.cy.js",
      "file": "cypress\\e2e\\Test_8.cy.js",
      "beforeHooks": [],
      "afterHooks": [],
      "tests": [],
      "suites": [
        {
          "uuid": "b54e48e8-9133-4562-8109-53eeb35b344f",
          "title": "Quadratic Equation Test",
          "fullFile": "",
          "file": "",
          "beforeHooks": [],
          "afterHooks": [],
          "tests": [
            {
              "title": "Case 8: a=50, b=-10001, c=50 <=> 50x² - 10001x + 50 = 0",
              "fullTitle": "Quadratic Equation Test Case 8: a=50, b=-10001, c=50 <=> 50x² - 10001x + 50 = 0",
              "timedOut": null,
              "duration": 1366,
              "state": "passed",
              "speed": "fast",
              "pass": true,
              "fail": false,
              "pending": false,
              "context": null,
              "code": "cy.visit(baseUrl);\ncy.get('#term-a').clear().type('50');\ncy.get('#term-b').clear().type('-10001');\ncy.get('#term-c').clear().type('50');\ncy.get('#root-1').should('have.value', 'Infinity');\ncy.get('#root-2').should('have.value', 'Infinity');\ncy.get('#delta').should('have.value', 'Infinity');",
              "err": {},
              "uuid": "faeb209d-c0cd-48e4-aa9e-c78612156795",
              "parentUUID": "b54e48e8-9133-4562-8109-53eeb35b344f",
              "isHook": false,
              "skipped": false
            }
          ],
          "suites": [],
          "passes": [
            "faeb209d-c0cd-48e4-aa9e-c78612156795"
          ],
          "failures": [],
          "pending": [],
          "skipped": [],
          "duration": 1366,
          "root": false,
          "rootEmpty": false,
          "_timeout": 2000
        }
      ],
      "passes": [],
      "failures": [],
      "pending": [],
      "skipped": [],
      "duration": 0,
      "root": true,
      "rootEmpty": true,
      "_timeout": 2000
    }
  ],
  "meta": {
    "mocha": {
      "version": "7.2.0"
    },
    "mochawesome": {
      "options": {
        "quiet": false,
        "reportFilename": "mochawesome",
        "saveHtml": true,
        "saveJson": true,
        "consoleReporter": "spec",
        "useInlineDiffs": false,
        "code": true
      },
      "version": "7.1.4"
    },
    "marge": {
      "options": {
        "reportDir": "cypress/reports",
        "overwrite": false,
        "html": true,
        "json": true
      },
      "version": "6.3.0"
    }
  }
}