{
  "stats": {
    "suites": 1,
    "tests": 1,
    "passes": 0,
    "pending": 0,
    "failures": 1,
    "start": "2025-10-29T08:10:32.166Z",
    "end": "2025-10-29T08:10:37.503Z",
    "duration": 5337,
    "testsRegistered": 1,
    "passPercent": 0,
    "pendingPercent": 0,
    "other": 0,
    "hasOther": false,
    "skipped": 0,
    "hasSkipped": false
  },
  "results": [
    {
      "uuid": "06bddd1a-c7c9-4b33-b837-81b9aec8da64",
      "title": "",
      "fullFile": "cypress\\e2e\\Test_33.cy.js",
      "file": "cypress\\e2e\\Test_33.cy.js",
      "beforeHooks": [],
      "afterHooks": [],
      "tests": [],
      "suites": [
        {
          "uuid": "3b48c4b6-8be8-4aac-8bdb-13f285638ca2",
          "title": "Quadratic Equation Test",
          "fullFile": "",
          "file": "",
          "beforeHooks": [],
          "afterHooks": [],
          "tests": [
            {
              "title": "Case 33: a=abc, b=5, c=1 <=> \"abc\"x² + 5x + 1 = 0",
              "fullTitle": "Quadratic Equation Test Case 33: a=abc, b=5, c=1 <=> \"abc\"x² + 5x + 1 = 0",
              "timedOut": null,
              "duration": 5293,
              "state": "failed",
              "speed": null,
              "pass": false,
              "fail": true,
              "pending": false,
              "context": null,
              "code": "cy.visit(baseUrl);\ncy.get('#term-a').clear().type('abc');\ncy.get('#term-b').clear().type('5');\ncy.get('#term-c').clear().type('1');\ncy.get('#root-1').should('have.value', 'ERROR');\ncy.get('#root-2').should('have.value', 'ERROR');\ncy.get('#delta').should('have.value', 'ERROR');",
              "err": {
                "message": "AssertionError: Timed out retrying after 4000ms: expected '<input#root-1>' to have value 'ERROR', but the value was '-0.2'",
                "estack": "AssertionError: Timed out retrying after 4000ms: expected '<input#root-1>' to have value 'ERROR', but the value was '-0.2'\n    at Context.eval (webpack:///./cypress/e2e/Test_33.cy.js:8:22)",
                "diff": "- '-0.2'\n+ 'ERROR'\n"
              },
              "uuid": "c9e929e3-8292-4364-a692-f4a79668186b",
              "parentUUID": "3b48c4b6-8be8-4aac-8bdb-13f285638ca2",
              "isHook": false,
              "skipped": false
            }
          ],
          "suites": [],
          "passes": [],
          "failures": [
            "c9e929e3-8292-4364-a692-f4a79668186b"
          ],
          "pending": [],
          "skipped": [],
          "duration": 5293,
          "root": false,
          "rootEmpty": false,
          "_timeout": 2000
        }
      ],
      "passes": [],
      "failures": [],
      "pending": [],
      "skipped": [],
      "duration": 0,
      "root": true,
      "rootEmpty": true,
      "_timeout": 2000
    }
  ],
  "meta": {
    "mocha": {
      "version": "7.2.0"
    },
    "mochawesome": {
      "options": {
        "quiet": false,
        "reportFilename": "mochawesome",
        "saveHtml": true,
        "saveJson": true,
        "consoleReporter": "spec",
        "useInlineDiffs": false,
        "code": true
      },
      "version": "7.1.4"
    },
    "marge": {
      "options": {
        "reportDir": "cypress/reports",
        "overwrite": false,
        "html": true,
        "json": true
      },
      "version": "6.3.0"
    }
  }
}