{
  "stats": {
    "suites": 1,
    "tests": 1,
    "passes": 0,
    "pending": 0,
    "failures": 1,
    "start": "2025-10-29T08:12:44.614Z",
    "end": "2025-10-29T08:12:50.246Z",
    "duration": 5632,
    "testsRegistered": 1,
    "passPercent": 0,
    "pendingPercent": 0,
    "other": 0,
    "hasOther": false,
    "skipped": 0,
    "hasSkipped": false
  },
  "results": [
    {
      "uuid": "2874b07b-61f0-4576-835c-af5819f679c9",
      "title": "",
      "fullFile": "cypress\\e2e\\Test_9.cy.js",
      "file": "cypress\\e2e\\Test_9.cy.js",
      "beforeHooks": [],
      "afterHooks": [],
      "tests": [],
      "suites": [
        {
          "uuid": "1368a6b0-97dd-4248-a0ea-92cdd1acd20b",
          "title": "Quadratic Equation Test",
          "fullFile": "",
          "file": "",
          "beforeHooks": [],
          "afterHooks": [],
          "tests": [
            {
              "title": "Case 9: a=50, b=-10000, c=50 <=> 50x² - 10000x + 50 = 0",
              "fullTitle": "Quadratic Equation Test Case 9: a=50, b=-10000, c=50 <=> 50x² - 10000x + 50 = 0",
              "timedOut": null,
              "duration": 5532,
              "state": "failed",
              "speed": null,
              "pass": false,
              "fail": true,
              "pending": false,
              "context": null,
              "code": "cy.visit(baseUrl);\ncy.get('#term-a').clear().type('50');\ncy.get('#term-b').clear().type('-10000');\ncy.get('#term-c').clear().type('50');\ncy.get('#root-1').should('have.value', '199.99');\ncy.get('#root-2').should('have.value', '0.01');\ncy.get('#delta').should('have.value', '99990000.00');",
              "err": {
                "message": "AssertionError: Timed out retrying after 4000ms: expected '<input#root-1>' to have value '199.99', but the value was '0.01'",
                "estack": "AssertionError: Timed out retrying after 4000ms: expected '<input#root-1>' to have value '199.99', but the value was '0.01'\n    at Context.eval (webpack:///./cypress/e2e/Test_9.cy.js:8:22)",
                "diff": "- '0.01'\n+ '199.99'\n"
              },
              "uuid": "b28d03e6-0e4e-4c30-b6a6-3942b7e175c7",
              "parentUUID": "1368a6b0-97dd-4248-a0ea-92cdd1acd20b",
              "isHook": false,
              "skipped": false
            }
          ],
          "suites": [],
          "passes": [],
          "failures": [
            "b28d03e6-0e4e-4c30-b6a6-3942b7e175c7"
          ],
          "pending": [],
          "skipped": [],
          "duration": 5532,
          "root": false,
          "rootEmpty": false,
          "_timeout": 2000
        }
      ],
      "passes": [],
      "failures": [],
      "pending": [],
      "skipped": [],
      "duration": 0,
      "root": true,
      "rootEmpty": true,
      "_timeout": 2000
    }
  ],
  "meta": {
    "mocha": {
      "version": "7.2.0"
    },
    "mochawesome": {
      "options": {
        "quiet": false,
        "reportFilename": "mochawesome",
        "saveHtml": true,
        "saveJson": true,
        "consoleReporter": "spec",
        "useInlineDiffs": false,
        "code": true
      },
      "version": "7.1.4"
    },
    "marge": {
      "options": {
        "reportDir": "cypress/reports",
        "overwrite": false,
        "html": true,
        "json": true
      },
      "version": "6.3.0"
    }
  }
}