{
  "stats": {
    "suites": 1,
    "tests": 1,
    "passes": 0,
    "pending": 0,
    "failures": 1,
    "start": "2025-10-29T08:11:55.525Z",
    "end": "2025-10-29T08:12:01.914Z",
    "duration": 6389,
    "testsRegistered": 1,
    "passPercent": 0,
    "pendingPercent": 0,
    "other": 0,
    "hasOther": false,
    "skipped": 0,
    "hasSkipped": false
  },
  "results": [
    {
      "uuid": "8ce21014-457a-4720-9977-36dcb4c477dc",
      "title": "",
      "fullFile": "cypress\\e2e\\Test_43.cy.js",
      "file": "cypress\\e2e\\Test_43.cy.js",
      "beforeHooks": [],
      "afterHooks": [],
      "tests": [],
      "suites": [
        {
          "uuid": "19f03d17-135c-40c6-9acb-79a11b0abb42",
          "title": "Quadratic Equation Test",
          "fullFile": "",
          "file": "",
          "beforeHooks": [],
          "afterHooks": [],
          "tests": [
            {
              "title": "Case 43: a=\"1 0\", b=-11, c=10 <=> \"1 0\"x² - 11x + 10 = 0",
              "fullTitle": "Quadratic Equation Test Case 43: a=\"1 0\", b=-11, c=10 <=> \"1 0\"x² - 11x + 10 = 0",
              "timedOut": null,
              "duration": 6299,
              "state": "failed",
              "speed": null,
              "pass": false,
              "fail": true,
              "pending": false,
              "context": null,
              "code": "cy.visit(baseUrl);\ncy.get('#term-a').clear().type('1 0');\ncy.get('#term-b').clear().type('-11');\ncy.get('#term-c').clear().type('10');\ncy.get('#root-1').should('have.value', 'ERROR');\ncy.get('#root-2').should('have.value', 'ERROR');\ncy.get('#delta').should('have.value', 'ERROR');",
              "err": {
                "message": "AssertionError: Timed out retrying after 4000ms: expected '<input#root-1>' to have value 'ERROR', but the value was '0.55 - 0.84i'",
                "estack": "AssertionError: Timed out retrying after 4000ms: expected '<input#root-1>' to have value 'ERROR', but the value was '0.55 - 0.84i'\n    at Context.eval (webpack:///./cypress/e2e/Test_43.cy.js:8:22)",
                "diff": "- '0.55 - 0.84i'\n+ 'ERROR'\n"
              },
              "uuid": "17e19045-0029-4933-9936-95647f0d16f9",
              "parentUUID": "19f03d17-135c-40c6-9acb-79a11b0abb42",
              "isHook": false,
              "skipped": false
            }
          ],
          "suites": [],
          "passes": [],
          "failures": [
            "17e19045-0029-4933-9936-95647f0d16f9"
          ],
          "pending": [],
          "skipped": [],
          "duration": 6299,
          "root": false,
          "rootEmpty": false,
          "_timeout": 2000
        }
      ],
      "passes": [],
      "failures": [],
      "pending": [],
      "skipped": [],
      "duration": 0,
      "root": true,
      "rootEmpty": true,
      "_timeout": 2000
    }
  ],
  "meta": {
    "mocha": {
      "version": "7.2.0"
    },
    "mochawesome": {
      "options": {
        "quiet": false,
        "reportFilename": "mochawesome",
        "saveHtml": true,
        "saveJson": true,
        "consoleReporter": "spec",
        "useInlineDiffs": false,
        "code": true
      },
      "version": "7.1.4"
    },
    "marge": {
      "options": {
        "reportDir": "cypress/reports",
        "overwrite": false,
        "html": true,
        "json": true
      },
      "version": "6.3.0"
    }
  }
}