{
  "stats": {
    "suites": 1,
    "tests": 1,
    "passes": 0,
    "pending": 0,
    "failures": 1,
    "start": "2025-10-29T08:09:42.841Z",
    "end": "2025-10-29T08:09:48.393Z",
    "duration": 5552,
    "testsRegistered": 1,
    "passPercent": 0,
    "pendingPercent": 0,
    "other": 0,
    "hasOther": false,
    "skipped": 0,
    "hasSkipped": false
  },
  "results": [
    {
      "uuid": "e999f334-3f52-4725-80f3-2dff905e9d17",
      "title": "",
      "fullFile": "cypress\\e2e\\Test_22.cy.js",
      "file": "cypress\\e2e\\Test_22.cy.js",
      "beforeHooks": [],
      "afterHooks": [],
      "tests": [],
      "suites": [
        {
          "uuid": "59b81a6c-773d-434b-93f4-e5450d0be442",
          "title": "Quadratic Equation Test",
          "fullFile": "",
          "file": "",
          "beforeHooks": [],
          "afterHooks": [],
          "tests": [
            {
              "title": "Case 22: a=1, b=50, c=1 <=> 1x² + 50x + 1 = 0",
              "fullTitle": "Quadratic Equation Test Case 22: a=1, b=50, c=1 <=> 1x² + 50x + 1 = 0",
              "timedOut": null,
              "duration": 5506,
              "state": "failed",
              "speed": null,
              "pass": false,
              "fail": true,
              "pending": false,
              "context": null,
              "code": "cy.visit(baseUrl);\ncy.get('#term-a').clear().type('1');\ncy.get('#term-b').clear().type('50');\ncy.get('#term-c').clear().type('1');\ncy.get('#root-1').should('have.value', '-0.02');\ncy.get('#root-2').should('have.value', '-49.98');\ncy.get('#delta').should('have.value', '2496.00');",
              "err": {
                "message": "AssertionError: Timed out retrying after 4000ms: expected '<input#root-1>' to have value '-0.02', but the value was '-49.98'",
                "estack": "AssertionError: Timed out retrying after 4000ms: expected '<input#root-1>' to have value '-0.02', but the value was '-49.98'\n    at Context.eval (webpack:///./cypress/e2e/Test_22.cy.js:8:22)",
                "diff": "- '-49.98'\n+ '-0.02'\n"
              },
              "uuid": "c9714814-b561-48c4-991b-cf07c995d0c8",
              "parentUUID": "59b81a6c-773d-434b-93f4-e5450d0be442",
              "isHook": false,
              "skipped": false
            }
          ],
          "suites": [],
          "passes": [],
          "failures": [
            "c9714814-b561-48c4-991b-cf07c995d0c8"
          ],
          "pending": [],
          "skipped": [],
          "duration": 5506,
          "root": false,
          "rootEmpty": false,
          "_timeout": 2000
        }
      ],
      "passes": [],
      "failures": [],
      "pending": [],
      "skipped": [],
      "duration": 0,
      "root": true,
      "rootEmpty": true,
      "_timeout": 2000
    }
  ],
  "meta": {
    "mocha": {
      "version": "7.2.0"
    },
    "mochawesome": {
      "options": {
        "quiet": false,
        "reportFilename": "mochawesome",
        "saveHtml": true,
        "saveJson": true,
        "consoleReporter": "spec",
        "useInlineDiffs": false,
        "code": true
      },
      "version": "7.1.4"
    },
    "marge": {
      "options": {
        "reportDir": "cypress/reports",
        "overwrite": false,
        "html": true,
        "json": true
      },
      "version": "6.3.0"
    }
  }
}