{
  "stats": {
    "suites": 1,
    "tests": 1,
    "passes": 1,
    "pending": 0,
    "failures": 0,
    "start": "2025-10-29T08:09:39.749Z",
    "end": "2025-10-29T08:09:41.268Z",
    "duration": 1519,
    "testsRegistered": 1,
    "passPercent": 100,
    "pendingPercent": 0,
    "other": 0,
    "hasOther": false,
    "skipped": 0,
    "hasSkipped": false
  },
  "results": [
    {
      "uuid": "c28be395-5d0b-4a1b-9646-c7248a8a99fc",
      "title": "",
      "fullFile": "cypress\\e2e\\Test_21.cy.js",
      "file": "cypress\\e2e\\Test_21.cy.js",
      "beforeHooks": [],
      "afterHooks": [],
      "tests": [],
      "suites": [
        {
          "uuid": "da482dad-bdd0-4691-bf2b-7801e0b41436",
          "title": "Quadratic Equation Test",
          "fullFile": "",
          "file": "",
          "beforeHooks": [],
          "afterHooks": [],
          "tests": [
            {
              "title": "Case 21: a=50, b=50, c=10001 <=> 50x² + 50x + 10001 = 0",
              "fullTitle": "Quadratic Equation Test Case 21: a=50, b=50, c=10001 <=> 50x² + 50x + 10001 = 0",
              "timedOut": null,
              "duration": 1467,
              "state": "passed",
              "speed": "fast",
              "pass": true,
              "fail": false,
              "pending": false,
              "context": null,
              "code": "cy.visit(baseUrl);\ncy.get('#term-a').clear().type('50');\ncy.get('#term-b').clear().type('50');\ncy.get('#term-c').clear().type('10001');\ncy.get('#root-1').should('have.value', 'Infinity');\ncy.get('#root-2').should('have.value', 'Infinity');\ncy.get('#delta').should('have.value', 'Infinity');",
              "err": {},
              "uuid": "55016c54-e777-467e-8e1e-cbfa1821c4a0",
              "parentUUID": "da482dad-bdd0-4691-bf2b-7801e0b41436",
              "isHook": false,
              "skipped": false
            }
          ],
          "suites": [],
          "passes": [
            "55016c54-e777-467e-8e1e-cbfa1821c4a0"
          ],
          "failures": [],
          "pending": [],
          "skipped": [],
          "duration": 1467,
          "root": false,
          "rootEmpty": false,
          "_timeout": 2000
        }
      ],
      "passes": [],
      "failures": [],
      "pending": [],
      "skipped": [],
      "duration": 0,
      "root": true,
      "rootEmpty": true,
      "_timeout": 2000
    }
  ],
  "meta": {
    "mocha": {
      "version": "7.2.0"
    },
    "mochawesome": {
      "options": {
        "quiet": false,
        "reportFilename": "mochawesome",
        "saveHtml": true,
        "saveJson": true,
        "consoleReporter": "spec",
        "useInlineDiffs": false,
        "code": true
      },
      "version": "7.1.4"
    },
    "marge": {
      "options": {
        "reportDir": "cypress/reports",
        "overwrite": false,
        "html": true,
        "json": true
      },
      "version": "6.3.0"
    }
  }
}