{
  "stats": {
    "suites": 1,
    "tests": 1,
    "passes": 1,
    "pending": 0,
    "failures": 0,
    "start": "2025-10-29T08:08:55.186Z",
    "end": "2025-10-29T08:08:56.842Z",
    "duration": 1656,
    "testsRegistered": 1,
    "passPercent": 100,
    "pendingPercent": 0,
    "other": 0,
    "hasOther": false,
    "skipped": 0,
    "hasSkipped": false
  },
  "results": [
    {
      "uuid": "7b178b99-b939-49e8-abc4-333fb27d5a94",
      "title": "",
      "fullFile": "cypress\\e2e\\Test_12.cy.js",
      "file": "cypress\\e2e\\Test_12.cy.js",
      "beforeHooks": [],
      "afterHooks": [],
      "tests": [],
      "suites": [
        {
          "uuid": "d0e4e1d4-40ba-40be-8474-a65697014059",
          "title": "Quadratic Equation Test",
          "fullFile": "",
          "file": "",
          "beforeHooks": [],
          "afterHooks": [],
          "tests": [
            {
              "title": "Case 12: a=50, b=9999, c=50 <=> 50x² + 9999x + 50 = 0",
              "fullTitle": "Quadratic Equation Test Case 12: a=50, b=9999, c=50 <=> 50x² + 9999x + 50 = 0",
              "timedOut": null,
              "duration": 1557,
              "state": "passed",
              "speed": "fast",
              "pass": true,
              "fail": false,
              "pending": false,
              "context": null,
              "code": "cy.visit(baseUrl);\ncy.get('#term-a').clear().type('50');\ncy.get('#term-b').clear().type('9999');\ncy.get('#term-c').clear().type('50');\ncy.get('#root-1').should('have.value', '-199.97');\ncy.get('#root-2').should('have.value', '-0.01');\ncy.get('#delta').should('have.value', '99970001.00');",
              "err": {},
              "uuid": "d9a98507-8f6a-4a02-9d9c-8eb07e0c65d5",
              "parentUUID": "d0e4e1d4-40ba-40be-8474-a65697014059",
              "isHook": false,
              "skipped": false
            }
          ],
          "suites": [],
          "passes": [
            "d9a98507-8f6a-4a02-9d9c-8eb07e0c65d5"
          ],
          "failures": [],
          "pending": [],
          "skipped": [],
          "duration": 1557,
          "root": false,
          "rootEmpty": false,
          "_timeout": 2000
        }
      ],
      "passes": [],
      "failures": [],
      "pending": [],
      "skipped": [],
      "duration": 0,
      "root": true,
      "rootEmpty": true,
      "_timeout": 2000
    }
  ],
  "meta": {
    "mocha": {
      "version": "7.2.0"
    },
    "mochawesome": {
      "options": {
        "quiet": false,
        "reportFilename": "mochawesome",
        "saveHtml": true,
        "saveJson": true,
        "consoleReporter": "spec",
        "useInlineDiffs": false,
        "code": true
      },
      "version": "7.1.4"
    },
    "marge": {
      "options": {
        "reportDir": "cypress/reports",
        "overwrite": false,
        "html": true,
        "json": true
      },
      "version": "6.3.0"
    }
  }
}