{
  "stats": {
    "suites": 1,
    "tests": 1,
    "passes": 0,
    "pending": 0,
    "failures": 1,
    "start": "2025-10-29T08:10:04.250Z",
    "end": "2025-10-29T08:10:10.556Z",
    "duration": 6306,
    "testsRegistered": 1,
    "passPercent": 0,
    "pendingPercent": 0,
    "other": 0,
    "hasOther": false,
    "skipped": 0,
    "hasSkipped": false
  },
  "results": [
    {
      "uuid": "6992b76a-4b8b-4894-9c7d-3a86b87ce845",
      "title": "",
      "fullFile": "cypress\\e2e\\Test_28.cy.js",
      "file": "cypress\\e2e\\Test_28.cy.js",
      "beforeHooks": [],
      "afterHooks": [],
      "tests": [],
      "suites": [
        {
          "uuid": "b9db9709-251d-4475-bef8-60e1130e8e9d",
          "title": "Quadratic Equation Test",
          "fullFile": "",
          "file": "",
          "beforeHooks": [],
          "afterHooks": [],
          "tests": [
            {
              "title": "Case 28: a=1, b=-9999, c=1 <=> 1x² - 9999x + 1 = 0",
              "fullTitle": "Quadratic Equation Test Case 28: a=1, b=-9999, c=1 <=> 1x² - 9999x + 1 = 0",
              "timedOut": null,
              "duration": 6262,
              "state": "failed",
              "speed": null,
              "pass": false,
              "fail": true,
              "pending": false,
              "context": null,
              "code": "cy.visit(baseUrl);\ncy.get('#term-a').clear().type('1');\ncy.get('#term-b').clear().type('-9999');\ncy.get('#term-c').clear().type('1');\ncy.get('#root-1').should('have.value', '9999.00');\ncy.get('#root-2').should('have.value', '0.00');\ncy.get('#delta').should('have.value', '99980000.00');",
              "err": {
                "message": "AssertionError: Timed out retrying after 4000ms: expected '<input#root-1>' to have value '9999.00', but the value was '0.00'",
                "estack": "AssertionError: Timed out retrying after 4000ms: expected '<input#root-1>' to have value '9999.00', but the value was '0.00'\n    at Context.eval (webpack:///./cypress/e2e/Test_28.cy.js:8:22)",
                "diff": "- '0.00'\n+ '9999.00'\n"
              },
              "uuid": "f9534e67-d251-41d1-a501-f41267d59843",
              "parentUUID": "b9db9709-251d-4475-bef8-60e1130e8e9d",
              "isHook": false,
              "skipped": false
            }
          ],
          "suites": [],
          "passes": [],
          "failures": [
            "f9534e67-d251-41d1-a501-f41267d59843"
          ],
          "pending": [],
          "skipped": [],
          "duration": 6262,
          "root": false,
          "rootEmpty": false,
          "_timeout": 2000
        }
      ],
      "passes": [],
      "failures": [],
      "pending": [],
      "skipped": [],
      "duration": 0,
      "root": true,
      "rootEmpty": true,
      "_timeout": 2000
    }
  ],
  "meta": {
    "mocha": {
      "version": "7.2.0"
    },
    "mochawesome": {
      "options": {
        "quiet": false,
        "reportFilename": "mochawesome",
        "saveHtml": true,
        "saveJson": true,
        "consoleReporter": "spec",
        "useInlineDiffs": false,
        "code": true
      },
      "version": "7.1.4"
    },
    "marge": {
      "options": {
        "reportDir": "cypress/reports",
        "overwrite": false,
        "html": true,
        "json": true
      },
      "version": "6.3.0"
    }
  }
}