{
  "stats": {
    "suites": 1,
    "tests": 1,
    "passes": 0,
    "pending": 0,
    "failures": 1,
    "start": "2025-10-29T08:11:46.651Z",
    "end": "2025-10-29T08:11:52.279Z",
    "duration": 5628,
    "testsRegistered": 1,
    "passPercent": 0,
    "pendingPercent": 0,
    "other": 0,
    "hasOther": false,
    "skipped": 0,
    "hasSkipped": false
  },
  "results": [
    {
      "uuid": "0cdfbae6-3e2b-4d7e-a142-dbcec3d2b5f9",
      "title": "",
      "fullFile": "cypress\\e2e\\Test_42.cy.js",
      "file": "cypress\\e2e\\Test_42.cy.js",
      "beforeHooks": [],
      "afterHooks": [],
      "tests": [],
      "suites": [
        {
          "uuid": "60325283-db38-4882-a0dc-2f88b2efee48",
          "title": "Quadratic Equation Test",
          "fullFile": "",
          "file": "",
          "beforeHooks": [],
          "afterHooks": [],
          "tests": [
            {
              "title": "Case 42: a=1, b=\"3.1.2004\", c=2 <=> 1x² + \"3.1.2004\"x + 2 = 0",
              "fullTitle": "Quadratic Equation Test Case 42: a=1, b=\"3.1.2004\", c=2 <=> 1x² + \"3.1.2004\"x + 2 = 0",
              "timedOut": null,
              "duration": 5543,
              "state": "failed",
              "speed": null,
              "pass": false,
              "fail": true,
              "pending": false,
              "context": null,
              "code": "cy.visit(baseUrl);\ncy.get('#term-a').clear().type('1');\ncy.get('#term-b').clear().type('3.1.2004');\ncy.get('#term-c').clear().type('2');\ncy.get('#root-1').should('have.value', 'ERROR');\ncy.get('#root-2').should('have.value', 'ERROR');\ncy.get('#delta').should('have.value', 'ERROR');",
              "err": {
                "message": "AssertionError: Timed out retrying after 4000ms: expected '<input#root-1>' to have value 'ERROR', but the value was '-2.18'",
                "estack": "AssertionError: Timed out retrying after 4000ms: expected '<input#root-1>' to have value 'ERROR', but the value was '-2.18'\n    at Context.eval (webpack:///./cypress/e2e/Test_42.cy.js:8:22)",
                "diff": "- '-2.18'\n+ 'ERROR'\n"
              },
              "uuid": "1a17d91b-4290-4271-9377-e24a9ff53c2f",
              "parentUUID": "60325283-db38-4882-a0dc-2f88b2efee48",
              "isHook": false,
              "skipped": false
            }
          ],
          "suites": [],
          "passes": [],
          "failures": [
            "1a17d91b-4290-4271-9377-e24a9ff53c2f"
          ],
          "pending": [],
          "skipped": [],
          "duration": 5543,
          "root": false,
          "rootEmpty": false,
          "_timeout": 2000
        }
      ],
      "passes": [],
      "failures": [],
      "pending": [],
      "skipped": [],
      "duration": 0,
      "root": true,
      "rootEmpty": true,
      "_timeout": 2000
    }
  ],
  "meta": {
    "mocha": {
      "version": "7.2.0"
    },
    "mochawesome": {
      "options": {
        "quiet": false,
        "reportFilename": "mochawesome",
        "saveHtml": true,
        "saveJson": true,
        "consoleReporter": "spec",
        "useInlineDiffs": false,
        "code": true
      },
      "version": "7.1.4"
    },
    "marge": {
      "options": {
        "reportDir": "cypress/reports",
        "overwrite": false,
        "html": true,
        "json": true
      },
      "version": "6.3.0"
    }
  }
}