{
  "stats": {
    "suites": 1,
    "tests": 1,
    "passes": 0,
    "pending": 0,
    "failures": 1,
    "start": "2025-10-29T08:10:46.658Z",
    "end": "2025-10-29T08:10:51.821Z",
    "duration": 5163,
    "testsRegistered": 1,
    "passPercent": 0,
    "pendingPercent": 0,
    "other": 0,
    "hasOther": false,
    "skipped": 0,
    "hasSkipped": false
  },
  "results": [
    {
      "uuid": "e38a043f-19f6-4f7e-ab6f-2752a0584207",
      "title": "",
      "fullFile": "cypress\\e2e\\Test_35.cy.js",
      "file": "cypress\\e2e\\Test_35.cy.js",
      "beforeHooks": [],
      "afterHooks": [],
      "tests": [],
      "suites": [
        {
          "uuid": "8b373990-df21-44ca-a197-a0511bd8d821",
          "title": "Quadratic Equation Test",
          "fullFile": "",
          "file": "",
          "beforeHooks": [],
          "afterHooks": [],
          "tests": [
            {
              "title": "Case 35: a=1, b=5, c=\"3,14\" <=> 1x² + 5x + \"3,14\" = 0",
              "fullTitle": "Quadratic Equation Test Case 35: a=1, b=5, c=\"3,14\" <=> 1x² + 5x + \"3,14\" = 0",
              "timedOut": null,
              "duration": 5118,
              "state": "failed",
              "speed": null,
              "pass": false,
              "fail": true,
              "pending": false,
              "context": null,
              "code": "cy.visit(baseUrl);\ncy.get('#term-a').clear().type('1');\ncy.get('#term-b').clear().type('5');\ncy.get('#term-c').clear().type('3,14');\ncy.get('#root-1').should('have.value', '-4.26');\ncy.get('#root-2').should('have.value', '-0.74');\ncy.get('#delta').should('have.value', '12.44');",
              "err": {
                "message": "AssertionError: Timed out retrying after 4000ms: expected '<input#root-1>' to have value '-4.26', but the value was '-2.50 - 17.54i'",
                "estack": "AssertionError: Timed out retrying after 4000ms: expected '<input#root-1>' to have value '-4.26', but the value was '-2.50 - 17.54i'\n    at Context.eval (webpack:///./cypress/e2e/Test_35.cy.js:8:22)",
                "diff": "- '-2.50 - 17.54i'\n+ '-4.26'\n"
              },
              "uuid": "ee5b4935-7362-4452-b50a-d45d99603535",
              "parentUUID": "8b373990-df21-44ca-a197-a0511bd8d821",
              "isHook": false,
              "skipped": false
            }
          ],
          "suites": [],
          "passes": [],
          "failures": [
            "ee5b4935-7362-4452-b50a-d45d99603535"
          ],
          "pending": [],
          "skipped": [],
          "duration": 5118,
          "root": false,
          "rootEmpty": false,
          "_timeout": 2000
        }
      ],
      "passes": [],
      "failures": [],
      "pending": [],
      "skipped": [],
      "duration": 0,
      "root": true,
      "rootEmpty": true,
      "_timeout": 2000
    }
  ],
  "meta": {
    "mocha": {
      "version": "7.2.0"
    },
    "mochawesome": {
      "options": {
        "quiet": false,
        "reportFilename": "mochawesome",
        "saveHtml": true,
        "saveJson": true,
        "consoleReporter": "spec",
        "useInlineDiffs": false,
        "code": true
      },
      "version": "7.1.4"
    },
    "marge": {
      "options": {
        "reportDir": "cypress/reports",
        "overwrite": false,
        "html": true,
        "json": true
      },
      "version": "6.3.0"
    }
  }
}