{
  "stats": {
    "suites": 1,
    "tests": 1,
    "passes": 0,
    "pending": 0,
    "failures": 1,
    "start": "2025-10-29T08:09:21.723Z",
    "end": "2025-10-29T08:09:27.472Z",
    "duration": 5749,
    "testsRegistered": 1,
    "passPercent": 0,
    "pendingPercent": 0,
    "other": 0,
    "hasOther": false,
    "skipped": 0,
    "hasSkipped": false
  },
  "results": [
    {
      "uuid": "1c5da4ab-4f5f-4488-b7c4-ba3f31bff4d7",
      "title": "",
      "fullFile": "cypress\\e2e\\Test_18.cy.js",
      "file": "cypress\\e2e\\Test_18.cy.js",
      "beforeHooks": [],
      "afterHooks": [],
      "tests": [],
      "suites": [
        {
          "uuid": "a94c0ca3-049e-47b7-878f-7a86a947a2f9",
          "title": "Quadratic Equation Test",
          "fullFile": "",
          "file": "",
          "beforeHooks": [],
          "afterHooks": [],
          "tests": [
            {
              "title": "Case 18: a=50, b=50, c=0 <=> 50x² + 50x + 0 = 0",
              "fullTitle": "Quadratic Equation Test Case 18: a=50, b=50, c=0 <=> 50x² + 50x + 0 = 0",
              "timedOut": null,
              "duration": 5705,
              "state": "failed",
              "speed": null,
              "pass": false,
              "fail": true,
              "pending": false,
              "context": null,
              "code": "cy.visit(baseUrl);\ncy.get('#term-a').clear().type('50');\ncy.get('#term-b').clear().type('50');\ncy.get('#term-c').clear().type('0');\ncy.get('#root-1').should('have.value', '0.00');\ncy.get('#root-2').should('have.value', '-1.00');\ncy.get('#delta').should('have.value', '2500.00');",
              "err": {
                "message": "AssertionError: Timed out retrying after 4000ms: expected '<input#root-1>' to have value '0.00', but the value was '-1.00'",
                "estack": "AssertionError: Timed out retrying after 4000ms: expected '<input#root-1>' to have value '0.00', but the value was '-1.00'\n    at Context.eval (webpack:///./cypress/e2e/Test_18.cy.js:8:22)",
                "diff": "- '-1.00'\n+ '0.00'\n"
              },
              "uuid": "7def6f16-1c43-421b-bd13-d70e138a367e",
              "parentUUID": "a94c0ca3-049e-47b7-878f-7a86a947a2f9",
              "isHook": false,
              "skipped": false
            }
          ],
          "suites": [],
          "passes": [],
          "failures": [
            "7def6f16-1c43-421b-bd13-d70e138a367e"
          ],
          "pending": [],
          "skipped": [],
          "duration": 5705,
          "root": false,
          "rootEmpty": false,
          "_timeout": 2000
        }
      ],
      "passes": [],
      "failures": [],
      "pending": [],
      "skipped": [],
      "duration": 0,
      "root": true,
      "rootEmpty": true,
      "_timeout": 2000
    }
  ],
  "meta": {
    "mocha": {
      "version": "7.2.0"
    },
    "mochawesome": {
      "options": {
        "quiet": false,
        "reportFilename": "mochawesome",
        "saveHtml": true,
        "saveJson": true,
        "consoleReporter": "spec",
        "useInlineDiffs": false,
        "code": true
      },
      "version": "7.1.4"
    },
    "marge": {
      "options": {
        "reportDir": "cypress/reports",
        "overwrite": false,
        "html": true,
        "json": true
      },
      "version": "6.3.0"
    }
  }
}