{
  "stats": {
    "suites": 1,
    "tests": 1,
    "passes": 1,
    "pending": 0,
    "failures": 0,
    "start": "2025-10-29T08:08:51.215Z",
    "end": "2025-10-29T08:08:52.539Z",
    "duration": 1324,
    "testsRegistered": 1,
    "passPercent": 100,
    "pendingPercent": 0,
    "other": 0,
    "hasOther": false,
    "skipped": 0,
    "hasSkipped": false
  },
  "results": [
    {
      "uuid": "abed6e2a-8e69-47da-9a5f-3ff220276f8a",
      "title": "",
      "fullFile": "cypress\\e2e\\Test_11.cy.js",
      "file": "cypress\\e2e\\Test_11.cy.js",
      "beforeHooks": [],
      "afterHooks": [],
      "tests": [],
      "suites": [
        {
          "uuid": "8c720957-24e5-4630-8618-886a65982ef2",
          "title": "Quadratic Equation Test",
          "fullFile": "",
          "file": "",
          "beforeHooks": [],
          "afterHooks": [],
          "tests": [
            {
              "title": "Case 11: a=50, b=0, c=50 <=> 50x² + 0x + 50 = 0",
              "fullTitle": "Quadratic Equation Test Case 11: a=50, b=0, c=50 <=> 50x² + 0x + 50 = 0",
              "timedOut": null,
              "duration": 1229,
              "state": "passed",
              "speed": "fast",
              "pass": true,
              "fail": false,
              "pending": false,
              "context": null,
              "code": "cy.visit(baseUrl);\ncy.get('#term-a').clear().type('50');\ncy.get('#term-b').clear().type('0');\ncy.get('#term-c').clear().type('50');\ncy.get('#root-1').should('have.value', '0.00 - 1.00i');\ncy.get('#root-2').should('have.value', '0.00 + 1.00i');\ncy.get('#delta').should('have.value', '-10000.00');",
              "err": {},
              "uuid": "7b49669f-8c02-4424-b63d-b022de4d2b03",
              "parentUUID": "8c720957-24e5-4630-8618-886a65982ef2",
              "isHook": false,
              "skipped": false
            }
          ],
          "suites": [],
          "passes": [
            "7b49669f-8c02-4424-b63d-b022de4d2b03"
          ],
          "failures": [],
          "pending": [],
          "skipped": [],
          "duration": 1229,
          "root": false,
          "rootEmpty": false,
          "_timeout": 2000
        }
      ],
      "passes": [],
      "failures": [],
      "pending": [],
      "skipped": [],
      "duration": 0,
      "root": true,
      "rootEmpty": true,
      "_timeout": 2000
    }
  ],
  "meta": {
    "mocha": {
      "version": "7.2.0"
    },
    "mochawesome": {
      "options": {
        "quiet": false,
        "reportFilename": "mochawesome",
        "saveHtml": true,
        "saveJson": true,
        "consoleReporter": "spec",
        "useInlineDiffs": false,
        "code": true
      },
      "version": "7.1.4"
    },
    "marge": {
      "options": {
        "reportDir": "cypress/reports",
        "overwrite": false,
        "html": true,
        "json": true
      },
      "version": "6.3.0"
    }
  }
}