{
  "stats": {
    "suites": 1,
    "tests": 1,
    "passes": 0,
    "pending": 0,
    "failures": 1,
    "start": "2025-10-29T08:11:06.589Z",
    "end": "2025-10-29T08:11:12.058Z",
    "duration": 5469,
    "testsRegistered": 1,
    "passPercent": 0,
    "pendingPercent": 0,
    "other": 0,
    "hasOther": false,
    "skipped": 0,
    "hasSkipped": false
  },
  "results": [
    {
      "uuid": "3e972c9c-06de-406f-bbef-4a392626b21a",
      "title": "",
      "fullFile": "cypress\\e2e\\Test_39.cy.js",
      "file": "cypress\\e2e\\Test_39.cy.js",
      "beforeHooks": [],
      "afterHooks": [],
      "tests": [],
      "suites": [
        {
          "uuid": "477938b7-c996-463f-9cad-43adf4744f69",
          "title": "Quadratic Equation Test",
          "fullFile": "",
          "file": "",
          "beforeHooks": [],
          "afterHooks": [],
          "tests": [
            {
              "title": "Case 39: a=1e-50, b=2, c=1 <=> 1e-50x² + 2x + 1 = 0",
              "fullTitle": "Quadratic Equation Test Case 39: a=1e-50, b=2, c=1 <=> 1e-50x² + 2x + 1 = 0",
              "timedOut": null,
              "duration": 5428,
              "state": "failed",
              "speed": null,
              "pass": false,
              "fail": true,
              "pending": false,
              "context": null,
              "code": "cy.visit(baseUrl);\ncy.get('#term-a').clear().type('1e-50');\ncy.get('#term-b').clear().type('2');\ncy.get('#term-c').clear().type('1');\ncy.get('#root-1').should('have.value', '-0.50');\ncy.get('#root-2').should('have.value', '-2.00e+50');\ncy.get('#delta').should('have.value', '4.00');",
              "err": {
                "message": "AssertionError: Timed out retrying after 4000ms: expected '<input#root-1>' to have value '-0.50', but the value was '-2e+50'",
                "estack": "AssertionError: Timed out retrying after 4000ms: expected '<input#root-1>' to have value '-0.50', but the value was '-2e+50'\n    at Context.eval (webpack:///./cypress/e2e/Test_39.cy.js:8:22)",
                "diff": "- '-2e+50'\n+ '-0.50'\n"
              },
              "uuid": "69ad6f7b-1a02-4364-8f16-4a65fbb6bf61",
              "parentUUID": "477938b7-c996-463f-9cad-43adf4744f69",
              "isHook": false,
              "skipped": false
            }
          ],
          "suites": [],
          "passes": [],
          "failures": [
            "69ad6f7b-1a02-4364-8f16-4a65fbb6bf61"
          ],
          "pending": [],
          "skipped": [],
          "duration": 5428,
          "root": false,
          "rootEmpty": false,
          "_timeout": 2000
        }
      ],
      "passes": [],
      "failures": [],
      "pending": [],
      "skipped": [],
      "duration": 0,
      "root": true,
      "rootEmpty": true,
      "_timeout": 2000
    }
  ],
  "meta": {
    "mocha": {
      "version": "7.2.0"
    },
    "mochawesome": {
      "options": {
        "quiet": false,
        "reportFilename": "mochawesome",
        "saveHtml": true,
        "saveJson": true,
        "consoleReporter": "spec",
        "useInlineDiffs": false,
        "code": true
      },
      "version": "7.1.4"
    },
    "marge": {
      "options": {
        "reportDir": "cypress/reports",
        "overwrite": false,
        "html": true,
        "json": true
      },
      "version": "6.3.0"
    }
  }
}