{
  "stats": {
    "suites": 1,
    "tests": 1,
    "passes": 1,
    "pending": 0,
    "failures": 0,
    "start": "2025-10-29T08:09:32.564Z",
    "end": "2025-10-29T08:09:34.598Z",
    "duration": 2034,
    "testsRegistered": 1,
    "passPercent": 100,
    "pendingPercent": 0,
    "other": 0,
    "hasOther": false,
    "skipped": 0,
    "hasSkipped": false
  },
  "results": [
    {
      "uuid": "7ebab640-8ccc-4363-abf3-ff0d1bc90c86",
      "title": "",
      "fullFile": "cypress\\e2e\\Test_2.cy.js",
      "file": "cypress\\e2e\\Test_2.cy.js",
      "beforeHooks": [],
      "afterHooks": [],
      "tests": [],
      "suites": [
        {
          "uuid": "2bc86c81-4745-4058-90f0-60b54ee8c720",
          "title": "Quadratic Equation Test",
          "fullFile": "",
          "file": "",
          "beforeHooks": [],
          "afterHooks": [],
          "tests": [
            {
              "title": "Case 2: a=-10000, b=50, c=50 <=> -10000x² + 50x + 50 = 0",
              "fullTitle": "Quadratic Equation Test Case 2: a=-10000, b=50, c=50 <=> -10000x² + 50x + 50 = 0",
              "timedOut": null,
              "duration": 1983,
              "state": "passed",
              "speed": "fast",
              "pass": true,
              "fail": false,
              "pending": false,
              "context": null,
              "code": "cy.visit(baseUrl);\ncy.get('#term-a').clear().type('-10000');\ncy.get('#term-b').clear().type('50');\ncy.get('#term-c').clear().type('50');\ncy.get('#root-1').should('have.value', '0.07');\ncy.get('#root-2').should('have.value', '-0.07');\ncy.get('#delta').should('have.value', '2002500.00');",
              "err": {},
              "uuid": "a17f6f5e-59e0-4c2c-862c-be006eb3be62",
              "parentUUID": "2bc86c81-4745-4058-90f0-60b54ee8c720",
              "isHook": false,
              "skipped": false
            }
          ],
          "suites": [],
          "passes": [
            "a17f6f5e-59e0-4c2c-862c-be006eb3be62"
          ],
          "failures": [],
          "pending": [],
          "skipped": [],
          "duration": 1983,
          "root": false,
          "rootEmpty": false,
          "_timeout": 2000
        }
      ],
      "passes": [],
      "failures": [],
      "pending": [],
      "skipped": [],
      "duration": 0,
      "root": true,
      "rootEmpty": true,
      "_timeout": 2000
    }
  ],
  "meta": {
    "mocha": {
      "version": "7.2.0"
    },
    "mochawesome": {
      "options": {
        "quiet": false,
        "reportFilename": "mochawesome",
        "saveHtml": true,
        "saveJson": true,
        "consoleReporter": "spec",
        "useInlineDiffs": false,
        "code": true
      },
      "version": "7.1.4"
    },
    "marge": {
      "options": {
        "reportDir": "cypress/reports",
        "overwrite": false,
        "html": true,
        "json": true
      },
      "version": "6.3.0"
    }
  }
}