{
  "stats": {
    "suites": 1,
    "tests": 1,
    "passes": 1,
    "pending": 0,
    "failures": 0,
    "start": "2025-10-29T08:10:12.436Z",
    "end": "2025-10-29T08:10:14.374Z",
    "duration": 1938,
    "testsRegistered": 1,
    "passPercent": 100,
    "pendingPercent": 0,
    "other": 0,
    "hasOther": false,
    "skipped": 0,
    "hasSkipped": false
  },
  "results": [
    {
      "uuid": "f474553c-f39e-444b-bda5-48a993b6e34f",
      "title": "",
      "fullFile": "cypress\\e2e\\Test_29.cy.js",
      "file": "cypress\\e2e\\Test_29.cy.js",
      "beforeHooks": [],
      "afterHooks": [],
      "tests": [],
      "suites": [
        {
          "uuid": "f8108f8e-101b-46ea-961c-cb8bdec0e5ac",
          "title": "Quadratic Equation Test",
          "fullFile": "",
          "file": "",
          "beforeHooks": [],
          "afterHooks": [],
          "tests": [
            {
              "title": "Case 29: a=0, b=2, c=5 <=> 0x² + 2x + 5 = 0",
              "fullTitle": "Quadratic Equation Test Case 29: a=0, b=2, c=5 <=> 0x² + 2x + 5 = 0",
              "timedOut": null,
              "duration": 1888,
              "state": "passed",
              "speed": "fast",
              "pass": true,
              "fail": false,
              "pending": false,
              "context": null,
              "code": "cy.visit(baseUrl);\ncy.get('#term-a').clear().type('0');\ncy.get('#term-b').clear().type('2');\ncy.get('#term-c').clear().type('5');\ncy.get('#root-1').should('have.value', '-2.5');\ncy.get('#root-2').should('have.value', '—');\ncy.get('#delta').should('have.value', '—');",
              "err": {},
              "uuid": "24ea46b0-a8ef-4ef5-9b70-90a4590463d7",
              "parentUUID": "f8108f8e-101b-46ea-961c-cb8bdec0e5ac",
              "isHook": false,
              "skipped": false
            }
          ],
          "suites": [],
          "passes": [
            "24ea46b0-a8ef-4ef5-9b70-90a4590463d7"
          ],
          "failures": [],
          "pending": [],
          "skipped": [],
          "duration": 1888,
          "root": false,
          "rootEmpty": false,
          "_timeout": 2000
        }
      ],
      "passes": [],
      "failures": [],
      "pending": [],
      "skipped": [],
      "duration": 0,
      "root": true,
      "rootEmpty": true,
      "_timeout": 2000
    }
  ],
  "meta": {
    "mocha": {
      "version": "7.2.0"
    },
    "mochawesome": {
      "options": {
        "quiet": false,
        "reportFilename": "mochawesome",
        "saveHtml": true,
        "saveJson": true,
        "consoleReporter": "spec",
        "useInlineDiffs": false,
        "code": true
      },
      "version": "7.1.4"
    },
    "marge": {
      "options": {
        "reportDir": "cypress/reports",
        "overwrite": false,
        "html": true,
        "json": true
      },
      "version": "6.3.0"
    }
  }
}