{
  "stats": {
    "suites": 1,
    "tests": 1,
    "passes": 1,
    "pending": 0,
    "failures": 0,
    "start": "2025-10-29T08:10:01.262Z",
    "end": "2025-10-29T08:10:02.663Z",
    "duration": 1401,
    "testsRegistered": 1,
    "passPercent": 100,
    "pendingPercent": 0,
    "other": 0,
    "hasOther": false,
    "skipped": 0,
    "hasSkipped": false
  },
  "results": [
    {
      "uuid": "59100f1b-b950-4450-9d2e-b94f9508ac51",
      "title": "",
      "fullFile": "cypress\\e2e\\Test_27.cy.js",
      "file": "cypress\\e2e\\Test_27.cy.js",
      "beforeHooks": [],
      "afterHooks": [],
      "tests": [],
      "suites": [
        {
          "uuid": "f61d1b56-c283-4cc0-ba9d-fb2125e003c1",
          "title": "Quadratic Equation Test",
          "fullFile": "",
          "file": "",
          "beforeHooks": [],
          "afterHooks": [],
          "tests": [
            {
              "title": "Case 27: a=4, b=2, c=8 <=> 4x² + 2x + 8 = 0",
              "fullTitle": "Quadratic Equation Test Case 27: a=4, b=2, c=8 <=> 4x² + 2x + 8 = 0",
              "timedOut": null,
              "duration": 1355,
              "state": "passed",
              "speed": "fast",
              "pass": true,
              "fail": false,
              "pending": false,
              "context": null,
              "code": "cy.visit(baseUrl);\ncy.get('#term-a').clear().type('4');\ncy.get('#term-b').clear().type('2');\ncy.get('#term-c').clear().type('8');\ncy.get('#root-1').should('have.value', '-0.25 - 1.39i');\ncy.get('#root-2').should('have.value', '-0.25 + 1.39i');\ncy.get('#delta').should('have.value', '-124.00');",
              "err": {},
              "uuid": "558613ef-5952-445f-8aea-b486e3970b7b",
              "parentUUID": "f61d1b56-c283-4cc0-ba9d-fb2125e003c1",
              "isHook": false,
              "skipped": false
            }
          ],
          "suites": [],
          "passes": [
            "558613ef-5952-445f-8aea-b486e3970b7b"
          ],
          "failures": [],
          "pending": [],
          "skipped": [],
          "duration": 1355,
          "root": false,
          "rootEmpty": false,
          "_timeout": 2000
        }
      ],
      "passes": [],
      "failures": [],
      "pending": [],
      "skipped": [],
      "duration": 0,
      "root": true,
      "rootEmpty": true,
      "_timeout": 2000
    }
  ],
  "meta": {
    "mocha": {
      "version": "7.2.0"
    },
    "mochawesome": {
      "options": {
        "quiet": false,
        "reportFilename": "mochawesome",
        "saveHtml": true,
        "saveJson": true,
        "consoleReporter": "spec",
        "useInlineDiffs": false,
        "code": true
      },
      "version": "7.1.4"
    },
    "marge": {
      "options": {
        "reportDir": "cypress/reports",
        "overwrite": false,
        "html": true,
        "json": true
      },
      "version": "6.3.0"
    }
  }
}